[debug] [2024-10-11T13:58:07.833Z] ----------------------------------------------------------------------
[debug] [2024-10-11T13:58:07.836Z] Command:       C:\Program Files\nodejs\node.exe C:\Users\LENOVO\AppData\Roaming\npm\node_modules\firebase-tools\lib\bin\firebase.js init
[debug] [2024-10-11T13:58:07.837Z] CLI Version:   13.20.1
[debug] [2024-10-11T13:58:07.837Z] Platform:      win32
[debug] [2024-10-11T13:58:07.837Z] Node Version:  v20.14.0
[debug] [2024-10-11T13:58:07.837Z] Time:          Fri Oct 11 2024 19:28:07 GMT+0530 (India Standard Time)
[debug] [2024-10-11T13:58:07.837Z] ----------------------------------------------------------------------
[debug] 
[debug] [2024-10-11T13:58:07.847Z] > command requires scopes: ["email","openid","https://www.googleapis.com/auth/cloudplatformprojects.readonly","https://www.googleapis.com/auth/firebase","https://www.googleapis.com/auth/cloud-platform"]
[debug] [2024-10-11T13:58:07.847Z] > authorizing via signed-in user (shadabpp27@gmail.com)
[info] 
     ######## #### ########  ######## ########     ###     ######  ########
     ##        ##  ##     ## ##       ##     ##  ##   ##  ##       ##
     ######    ##  ########  ######   ########  #########  ######  ######
     ##        ##  ##    ##  ##       ##     ## ##     ##       ## ##
     ##       #### ##     ## ######## ########  ##     ##  ######  ########

You're about to initialize a Firebase project in this directory:

  C:\Shadab Projects\Bridge base2

Before we get started, keep in mind:

  * You are currently outside your home directory

